Real_Time_Situation (
   Model_Name         => tullio,
   Model_Date         => 2004-06-26,
   Generation_Tool    => "MAST Schedulability Analysis, version 1.5.1.4",
   Generation_Profile => "/home/michael/bin/mast_analysis holistic -s /home/michael/prog/mast/examples/caseva_example2.txt /home/michael/prog/mast/examples/caseva_example2.out",
   Generation_Date    => 2019-11-05T10:12:35,
   Results            => 
       ((Type   => Slack,
         Value  => 101.17%)));

Transaction (
   Name     => servo_control,
   Results  => 
       ((Type   => Slack,
         Value  => 232.03%),
        (Type                          => Timing_Result,
         Event_Name                    => o1,
         Num_Of_Suspensions            => 0,
         Worst_Blocking_Time           => 217.000,
         Worst_Global_Response_Times   => 
            ((Referenced_Event => e1,
              Time_Value       => 1303.00)),
         Best_Global_Response_Times    => 
            ((Referenced_Event => e1,
              Time_Value       => 0.000)),
         Jitters                       => 
            ((Referenced_Event => e1,
              Time_Value       => 1303.00)))));

Transaction (
   Name     => trajectory_planning,
   Results  => 
       ((Type   => Slack,
         Value  => 276.95%),
        (Type                          => Timing_Result,
         Event_Name                    => o2,
         Num_Of_Suspensions            => 0,
         Worst_Blocking_Time           => 135.000,
         Worst_Global_Response_Times   => 
            ((Referenced_Event => e2,
              Time_Value       => 12444.00)),
         Best_Global_Response_Times    => 
            ((Referenced_Event => e2,
              Time_Value       => 0.000)),
         Jitters                       => 
            ((Referenced_Event => e2,
              Time_Value       => 12444.00)))));

Transaction (
   Name     => light_manager,
   Results  => 
       ((Type   => Slack,
         Value  => 3189.1%),
        (Type                          => Timing_Result,
         Event_Name                    => o3,
         Num_Of_Suspensions            => 0,
         Worst_Blocking_Time           => 135.000,
         Worst_Global_Response_Times   => 
            ((Referenced_Event => e3,
              Time_Value       => 12569.00)),
         Best_Global_Response_Times    => 
            ((Referenced_Event => e3,
              Time_Value       => 0.000)),
         Jitters                       => 
            ((Referenced_Event => e3,
              Time_Value       => 12569.00)))));

Transaction (
   Name     => reporter,
   Results  => 
       ((Type   => Slack,
         Value  => 687.50%),
        (Type                          => Timing_Result,
         Event_Name                    => o4,
         Num_Of_Suspensions            => 0,
         Worst_Blocking_Time           => 79.000,
         Worst_Global_Response_Times   => 
            ((Referenced_Event => e4,
              Time_Value       => 128676.00)),
         Best_Global_Response_Times    => 
            ((Referenced_Event => e4,
              Time_Value       => 0.000)),
         Jitters                       => 
            ((Referenced_Event => e4,
              Time_Value       => 128676.00)))));

Transaction (
   Name     => message_logger,
   Results  => 
       ((Type   => Slack,
         Value  => 2142.6%),
        (Type                          => Timing_Result,
         Event_Name                    => o5,
         Num_Of_Suspensions            => 0,
         Worst_Blocking_Time           => 0.000,
         Worst_Global_Response_Times   => 
            ((Referenced_Event => e5,
              Time_Value       => 199678.00)),
         Best_Global_Response_Times    => 
            ((Referenced_Event => e5,
              Time_Value       => 0.000)),
         Jitters                       => 
            ((Referenced_Event => e5,
              Time_Value       => 199678.00)))));

Processing_Resource (
   Name     => processor_1,
   Results  => 
       ((Type   => Slack,
         Value  => 102.13%),
        (Type   => Utilization,
         Total  => 49.58%)));

