Real_Time_Situation (
   Model_Name         => caseva,
   Model_Date         => 2000-01-01T00:00:00,
   Generation_Tool    => "MAST Schedulability Analysis, version 1.6.0.0",
   Generation_Profile => "mast_analysis default -c -p /home/michael/prog/mast/examples/caseva_example.txt /home/michael/prog/mast/examples/caseva_example.out",
   Generation_Date    => 2024-11-19T13:40:59);

Transaction (
   Name     => servo_control,
   Results  => 
       ((Type                          => Timing_Result,
         Event_Name                    => o1,
         Num_Of_Suspensions            => 0,
         Worst_Blocking_Time           => 135.000,
         Worst_Global_Response_Times   => 
            ((Referenced_Event => e1,
              Time_Value       => 1420.00)),
         Best_Global_Response_Times    => 
            ((Referenced_Event => e1,
              Time_Value       => 0.000)),
         Jitters                       => 
            ((Referenced_Event => e1,
              Time_Value       => 1420.00)))));

Transaction (
   Name     => trajectory_planning,
   Results  => 
       ((Type                          => Timing_Result,
         Event_Name                    => o2,
         Num_Of_Suspensions            => 0,
         Worst_Blocking_Time           => 135.000,
         Worst_Global_Response_Times   => 
            ((Referenced_Event => e2,
              Time_Value       => 13240.00)),
         Best_Global_Response_Times    => 
            ((Referenced_Event => e2,
              Time_Value       => 0.000)),
         Jitters                       => 
            ((Referenced_Event => e2,
              Time_Value       => 13240.00)))));

Transaction (
   Name     => light_manager,
   Results  => 
       ((Type                          => Timing_Result,
         Event_Name                    => o3,
         Num_Of_Suspensions            => 0,
         Worst_Blocking_Time           => 135.000,
         Worst_Global_Response_Times   => 
            ((Referenced_Event => e3,
              Time_Value       => 13564.00)),
         Best_Global_Response_Times    => 
            ((Referenced_Event => e3,
              Time_Value       => 0.000)),
         Jitters                       => 
            ((Referenced_Event => e3,
              Time_Value       => 13564.00)))));

Transaction (
   Name     => reporter,
   Results  => 
       ((Type                          => Timing_Result,
         Event_Name                    => o4,
         Num_Of_Suspensions            => 0,
         Worst_Blocking_Time           => 79.000,
         Worst_Global_Response_Times   => 
            ((Referenced_Event => e4,
              Time_Value       => 137614.00)),
         Best_Global_Response_Times    => 
            ((Referenced_Event => e4,
              Time_Value       => 0.000)),
         Jitters                       => 
            ((Referenced_Event => e4,
              Time_Value       => 137614.00)))));

Transaction (
   Name     => message_logger,
   Results  => 
       ((Type                          => Timing_Result,
         Event_Name                    => o5,
         Num_Of_Suspensions            => 0,
         Worst_Blocking_Time           => 0.000,
         Worst_Global_Response_Times   => 
            ((Referenced_Event => e5,
              Time_Value       => 1.000E+100)),
         Best_Global_Response_Times    => 
            ((Referenced_Event => e5,
              Time_Value       => 0.000)),
         Jitters                       => 
            ((Referenced_Event => e5,
              Time_Value       => 1.000E+100)))));

Processing_Resource (
   Name     => processor_1,
   Results  => 
       ((Type   => Utilization,
         Total  => 51.84%)));

