Real_Time_Situation (
   Model_Name         => example_with_delays,
   Model_Date         => 2002-10-14,
   Generation_Tool    => "MAST Schedulability Analysis, version 1.5.2.0",
   Generation_Profile => "../mast_analysis/mast_analysis default example_with_delays.txt example_with_delays.out",
   Generation_Date    => 2023-11-02T10:11:23);

Transaction (
   Name     => t_1,
   Results  => 
       ((Type                          => Timing_Result,
         Event_Name                    => i12,
         Num_Of_Suspensions            => 0,
         Worst_Blocking_Time           => 0.000,
         Worst_Global_Response_Times   => 
            ((Referenced_Event => e1,
              Time_Value       => 10.000)),
         Best_Global_Response_Times    => 
            ((Referenced_Event => e1,
              Time_Value       => 0.000)),
         Jitters                       => 
            ((Referenced_Event => e1,
              Time_Value       => 10.000))),
        (Type                          => Timing_Result,
         Event_Name                    => o1,
         Num_Of_Suspensions            => 0,
         Worst_Blocking_Time           => 0.000,
         Worst_Global_Response_Times   => 
            ((Referenced_Event => e1,
              Time_Value       => 70.000)),
         Best_Global_Response_Times    => 
            ((Referenced_Event => e1,
              Time_Value       => 50.000)),
         Jitters                       => 
            ((Referenced_Event => e1,
              Time_Value       => 20.000)))));

Transaction (
   Name     => t_2,
   Results  => 
       ((Type                          => Timing_Result,
         Event_Name                    => i22,
         Num_Of_Suspensions            => 0,
         Worst_Blocking_Time           => 0.000,
         Worst_Global_Response_Times   => 
            ((Referenced_Event => e2,
              Time_Value       => 60.000)),
         Best_Global_Response_Times    => 
            ((Referenced_Event => e2,
              Time_Value       => 0.000)),
         Jitters                       => 
            ((Referenced_Event => e2,
              Time_Value       => 60.000))),
        (Type                          => Timing_Result,
         Event_Name                    => i24,
         Num_Of_Suspensions            => 0,
         Worst_Blocking_Time           => 0.000,
         Worst_Global_Response_Times   => 
            ((Referenced_Event => e2,
              Time_Value       => 100.000)),
         Best_Global_Response_Times    => 
            ((Referenced_Event => e2,
              Time_Value       => 20.000)),
         Jitters                       => 
            ((Referenced_Event => e2,
              Time_Value       => 80.000))),
        (Type                          => Timing_Result,
         Event_Name                    => o2,
         Num_Of_Suspensions            => 0,
         Worst_Blocking_Time           => 0.000,
         Worst_Global_Response_Times   => 
            ((Referenced_Event => e2,
              Time_Value       => 155.000)),
         Best_Global_Response_Times    => 
            ((Referenced_Event => e2,
              Time_Value       => 50.000)),
         Jitters                       => 
            ((Referenced_Event => e2,
              Time_Value       => 105.000)))));

Transaction (
   Name     => t_3,
   Results  => 
       ((Type                          => Timing_Result,
         Event_Name                    => i32,
         Num_Of_Suspensions            => 0,
         Worst_Blocking_Time           => 0.000,
         Worst_Global_Response_Times   => 
            ((Referenced_Event => e3,
              Time_Value       => 260.000)),
         Best_Global_Response_Times    => 
            ((Referenced_Event => e3,
              Time_Value       => 0.000)),
         Jitters                       => 
            ((Referenced_Event => e3,
              Time_Value       => 260.000))),
        (Type                          => Timing_Result,
         Event_Name                    => o3,
         Num_Of_Suspensions            => 0,
         Worst_Blocking_Time           => 0.000,
         Worst_Global_Response_Times   => 
            ((Referenced_Event => e3,
              Time_Value       => 495.000)),
         Best_Global_Response_Times    => 
            ((Referenced_Event => e3,
              Time_Value       => 130.000)),
         Jitters                       => 
            ((Referenced_Event => e3,
              Time_Value       => 365.000)))));

Processing_Resource (
   Name     => cpu_1,
   Results  => 
       ((Type   => Utilization,
         Total  => 79.00%)));

