Real_Time_Situation (
   Model_Name         => example_varying_priorities,
   Model_Date         => 2002-10-14,
   Generation_Tool    => "MAST Schedulability Analysis, version 1.5.1.4",
   Generation_Profile => "mast_analysis varying_priorities -d /home/michael/prog/mast/examples/test_xmi.xmi /home/michael/prog/mast/examples/example_varying_priorities.txt /home/michael/prog/mast/examples/example_varying_priorities.out",
   Generation_Date    => 2023-07-19T12:56:59);

Transaction (
   Name     => t1,
   Results  => 
       ((Type                          => Timing_Result,
         Event_Name                    => o11,
         Worst_Global_Response_Times   => 
            ((Referenced_Event => e1,
              Time_Value       => 0.000)),
         Best_Global_Response_Times    => 
            ((Referenced_Event => e1,
              Time_Value       => 0.000)),
         Jitters                       => 
            ((Referenced_Event => e1,
              Time_Value       => 0.000))),
        (Type                          => Timing_Result,
         Event_Name                    => o12,
         Num_Of_Suspensions            => 0,
         Worst_Blocking_Time           => 0.000,
         Worst_Global_Response_Times   => 
            ((Referenced_Event => e1,
              Time_Value       => 28.000)),
         Best_Global_Response_Times    => 
            ((Referenced_Event => e1,
              Time_Value       => 0.000)),
         Jitters                       => 
            ((Referenced_Event => e1,
              Time_Value       => 28.000)))));

Transaction (
   Name     => t2,
   Results  => 
       ((Type                          => Timing_Result,
         Event_Name                    => o21,
         Worst_Global_Response_Times   => 
            ((Referenced_Event => e2,
              Time_Value       => 88.000)),
         Best_Global_Response_Times    => 
            ((Referenced_Event => e2,
              Time_Value       => 0.000)),
         Jitters                       => 
            ((Referenced_Event => e2,
              Time_Value       => 88.000))),
        (Type                          => Timing_Result,
         Event_Name                    => o22,
         Worst_Global_Response_Times   => 
            ((Referenced_Event => e2,
              Time_Value       => 0.000)),
         Best_Global_Response_Times    => 
            ((Referenced_Event => e2,
              Time_Value       => 0.000)),
         Jitters                       => 
            ((Referenced_Event => e2,
              Time_Value       => 0.000))),
        (Type                          => Timing_Result,
         Event_Name                    => o23,
         Num_Of_Suspensions            => 0,
         Worst_Blocking_Time           => 0.000,
         Worst_Global_Response_Times   => 
            ((Referenced_Event => e2,
              Time_Value       => 98.000)),
         Best_Global_Response_Times    => 
            ((Referenced_Event => e2,
              Time_Value       => 0.000)),
         Jitters                       => 
            ((Referenced_Event => e2,
              Time_Value       => 98.000)))));

Transaction (
   Name     => t3,
   Results  => 
       ((Type                          => Timing_Result,
         Event_Name                    => o31,
         Worst_Global_Response_Times   => 
            ((Referenced_Event => e3,
              Time_Value       => 34.000)),
         Best_Global_Response_Times    => 
            ((Referenced_Event => e3,
              Time_Value       => 0.000)),
         Jitters                       => 
            ((Referenced_Event => e3,
              Time_Value       => 34.000))),
        (Type                          => Timing_Result,
         Event_Name                    => o32,
         Num_Of_Suspensions            => 0,
         Worst_Blocking_Time           => 0.000,
         Worst_Global_Response_Times   => 
            ((Referenced_Event => e3,
              Time_Value       => 47.000)),
         Best_Global_Response_Times    => 
            ((Referenced_Event => e3,
              Time_Value       => 0.000)),
         Jitters                       => 
            ((Referenced_Event => e3,
              Time_Value       => 47.000)))));

Transaction (
   Name     => t4,
   Results  => 
       ((Type                          => Timing_Result,
         Event_Name                    => o41,
         Worst_Global_Response_Times   => 
            ((Referenced_Event => e4,
              Time_Value       => 0.000)),
         Best_Global_Response_Times    => 
            ((Referenced_Event => e4,
              Time_Value       => 0.000)),
         Jitters                       => 
            ((Referenced_Event => e4,
              Time_Value       => 0.000))),
        (Type                          => Timing_Result,
         Event_Name                    => o42,
         Worst_Global_Response_Times   => 
            ((Referenced_Event => e4,
              Time_Value       => 192.000)),
         Best_Global_Response_Times    => 
            ((Referenced_Event => e4,
              Time_Value       => 0.000)),
         Jitters                       => 
            ((Referenced_Event => e4,
              Time_Value       => 192.000))),
        (Type                          => Timing_Result,
         Event_Name                    => o43,
         Num_Of_Suspensions            => 0,
         Worst_Blocking_Time           => 0.000,
         Worst_Global_Response_Times   => 
            ((Referenced_Event => e4,
              Time_Value       => 195.000)),
         Best_Global_Response_Times    => 
            ((Referenced_Event => e4,
              Time_Value       => 0.000)),
         Jitters                       => 
            ((Referenced_Event => e4,
              Time_Value       => 195.000)))));

Transaction (
   Name     => t5,
   Results  => 
       ((Type                          => Timing_Result,
         Event_Name                    => o51,
         Worst_Global_Response_Times   => 
            ((Referenced_Event => e5,
              Time_Value       => 0.000)),
         Best_Global_Response_Times    => 
            ((Referenced_Event => e5,
              Time_Value       => 0.000)),
         Jitters                       => 
            ((Referenced_Event => e5,
              Time_Value       => 0.000))),
        (Type                          => Timing_Result,
         Event_Name                    => o52,
         Worst_Global_Response_Times   => 
            ((Referenced_Event => e5,
              Time_Value       => 197.000)),
         Best_Global_Response_Times    => 
            ((Referenced_Event => e5,
              Time_Value       => 0.000)),
         Jitters                       => 
            ((Referenced_Event => e5,
              Time_Value       => 197.000))),
        (Type                          => Timing_Result,
         Event_Name                    => o53,
         Num_Of_Suspensions            => 0,
         Worst_Blocking_Time           => 0.000,
         Worst_Global_Response_Times   => 
            ((Referenced_Event => e5,
              Time_Value       => 223.000)),
         Best_Global_Response_Times    => 
            ((Referenced_Event => e5,
              Time_Value       => 0.000)),
         Jitters                       => 
            ((Referenced_Event => e5,
              Time_Value       => 223.000)))));

Processing_Resource (
   Name     => processor_1,
   Results  => 
       ((Type   => Utilization,
         Total  => 97.50%)));

