Real_Time_Situation (
   Model_Name         => linear_transactions_only,
   Model_Date         => 2000-01-01,
   Generation_Tool    => "MAST Schedulability Analysis, version 1.5.1.2",
   Generation_Profile => "mast_analysis holistic -c -p -d /home/michael/prog/mast/examples/prueba1.txt -s /home/michael/prog/mast/examples/linear_transactions_only.txt /home/michael/prog/mast/examples/linear_transactions_only.out",
   Generation_Date    => 2019-07-16T13:16:05,
   Results            => 
       ((Type   => Slack,
         Value  => 91.41%)));

Transaction (
   Name     => trans_1,
   Results  => 
       ((Type   => Slack,
         Value  => 301.17%),
        (Type                          => Timing_Result,
         Event_Name                    => e11,
         Num_Of_Suspensions            => 0,
         Worst_Blocking_Time           => 0.000,
         Worst_Global_Response_Times   => 
            ((Referenced_Event => ep1,
              Time_Value       => 800.000)),
         Best_Global_Response_Times    => 
            ((Referenced_Event => ep1,
              Time_Value       => 110.000)),
         Jitters                       => 
            ((Referenced_Event => ep1,
              Time_Value       => 690.000))),
        (Type                          => Timing_Result,
         Event_Name                    => e12,
         Num_Of_Suspensions            => 0,
         Worst_Blocking_Time           => 750.000,
         Worst_Global_Response_Times   => 
            ((Referenced_Event => ep1,
              Time_Value       => 2910.00)),
         Best_Global_Response_Times    => 
            ((Referenced_Event => ep1,
              Time_Value       => 130.000)),
         Jitters                       => 
            ((Referenced_Event => ep1,
              Time_Value       => 2780.00))),
        (Type                          => Timing_Result,
         Event_Name                    => salida1,
         Num_Of_Suspensions            => 0,
         Worst_Blocking_Time           => 0.000,
         Worst_Global_Response_Times   => 
            ((Referenced_Event => ep1,
              Time_Value       => 3910.00)),
         Best_Global_Response_Times    => 
            ((Referenced_Event => ep1,
              Time_Value       => 230.000)),
         Jitters                       => 
            ((Referenced_Event => ep1,
              Time_Value       => 3680.00)))));

Transaction (
   Name     => trans_2,
   Results  => 
       ((Type   => Slack,
         Value  => 118.75%),
        (Type                          => Timing_Result,
         Event_Name                    => e21,
         Num_Of_Suspensions            => 0,
         Worst_Blocking_Time           => 0.000,
         Worst_Global_Response_Times   => 
            ((Referenced_Event => ep2,
              Time_Value       => 1300.00)),
         Best_Global_Response_Times    => 
            ((Referenced_Event => ep2,
              Time_Value       => 110.000)),
         Jitters                       => 
            ((Referenced_Event => ep2,
              Time_Value       => 1190.00))),
        (Type                          => Timing_Result,
         Event_Name                    => e22,
         Num_Of_Suspensions            => 0,
         Worst_Blocking_Time           => 0.000,
         Worst_Global_Response_Times   => 
            ((Referenced_Event => ep2,
              Time_Value       => 3490.00)),
         Best_Global_Response_Times    => 
            ((Referenced_Event => ep2,
              Time_Value       => 130.000)),
         Jitters                       => 
            ((Referenced_Event => ep2,
              Time_Value       => 3360.00))),
        (Type                          => Timing_Result,
         Event_Name                    => e23,
         Num_Of_Suspensions            => 0,
         Worst_Blocking_Time           => 0.000,
         Worst_Global_Response_Times   => 
            ((Referenced_Event => ep2,
              Time_Value       => 8090.00)),
         Best_Global_Response_Times    => 
            ((Referenced_Event => ep2,
              Time_Value       => 330.000)),
         Jitters                       => 
            ((Referenced_Event => ep2,
              Time_Value       => 7760.00))),
        (Type                          => Timing_Result,
         Event_Name                    => e24,
         Num_Of_Suspensions            => 0,
         Worst_Blocking_Time           => 750.000,
         Worst_Global_Response_Times   => 
            ((Referenced_Event => ep2,
              Time_Value       => 9130.00)),
         Best_Global_Response_Times    => 
            ((Referenced_Event => ep2,
              Time_Value       => 350.000)),
         Jitters                       => 
            ((Referenced_Event => ep2,
              Time_Value       => 8780.00))),
        (Type                          => Timing_Result,
         Event_Name                    => salida2,
         Num_Of_Suspensions            => 0,
         Worst_Blocking_Time           => 0.000,
         Worst_Global_Response_Times   => 
            ((Referenced_Event => ep2,
              Time_Value       => 12730.00)),
         Best_Global_Response_Times    => 
            ((Referenced_Event => ep2,
              Time_Value       => 550.000)),
         Jitters                       => 
            ((Referenced_Event => ep2,
              Time_Value       => 12180.00)))));

Processing_Resource (
   Name     => cpu_1,
   Results  => 
       ((Type   => Slack,
         Value  => 276.78%),
        (Type   => Utilization,
         Total  => 26.50%)));

Processing_Resource (
   Name     => cpu_2,
   Results  => 
       ((Type   => Slack,
         Value  => 67.85%),
        (Type   => Utilization,
         Total  => 50.00%)));

Processing_Resource (
   Name     => red_1,
   Results  => 
       ((Type   => Slack,
         Value  => 164.46%),
        (Type   => Utilization,
         Total  => 30.20%)));

