Real_Time_Situation (
   Generation_Tool    => "MAST Schedulability Analysis, version 1.5.2.0",
   Generation_Profile => "mast_analysis default -c -p -d /home/michael/prog/mast/examples/scada_xmi.xmi /home/michael/prog/mast/examples/scada_ss.txt /home/michael/prog/mast/examples/scada_ss.out",
   Generation_Date    => 2023-07-27T17:47:24);

Transaction (
   Name     => tr_read,
   Results  => 
       ((Type                          => Timing_Result,
         Event_Name                    => put,
         Num_Of_Suspensions            => 0,
         Worst_Blocking_Time           => 0.030000,
         Worst_Global_Response_Times   => 
            ((Referenced_Event => sensor,
              Time_Value       => 0.106000)),
         Best_Global_Response_Times    => 
            ((Referenced_Event => sensor,
              Time_Value       => 0.000)),
         Jitters                       => 
            ((Referenced_Event => sensor,
              Time_Value       => 0.106000))),
        (Type                          => Timing_Result,
         Event_Name                    => i1,
         Num_Of_Suspensions            => 0,
         Worst_Blocking_Time           => 0.000,
         Worst_Global_Response_Times   => 
            ((Referenced_Event => sensor,
              Time_Value       => 0.015000)),
         Best_Global_Response_Times    => 
            ((Referenced_Event => sensor,
              Time_Value       => 0.000)),
         Jitters                       => 
            ((Referenced_Event => sensor,
              Time_Value       => 0.015000)))));

Transaction (
   Name     => tr_display,
   Results  => 
       ((Type                          => Timing_Result,
         Event_Name                    => disp_out,
         Num_Of_Suspensions            => 0,
         Worst_Blocking_Time           => 0.000,
         Worst_Global_Response_Times   => 
            ((Referenced_Event => dis,
              Time_Value       => 6.883)),
         Best_Global_Response_Times    => 
            ((Referenced_Event => dis,
              Time_Value       => 0.000)),
         Jitters                       => 
            ((Referenced_Event => dis,
              Time_Value       => 6.883)))));

Transaction (
   Name     => tr_check,
   Results  => 
       ((Type                          => Timing_Result,
         Event_Name                    => rec_out,
         Num_Of_Suspensions            => 0,
         Worst_Blocking_Time           => 0.700000,
         Worst_Global_Response_Times   => 
            ((Referenced_Event => rec,
              Time_Value       => 5.884)),
         Best_Global_Response_Times    => 
            ((Referenced_Event => rec,
              Time_Value       => 0.000)),
         Jitters                       => 
            ((Referenced_Event => rec,
              Time_Value       => 5.884))),
        (Type                          => Timing_Result,
         Event_Name                    => i2,
         Num_Of_Suspensions            => 0,
         Worst_Blocking_Time           => 0.000,
         Worst_Global_Response_Times   => 
            ((Referenced_Event => rec,
              Time_Value       => 0.015000)),
         Best_Global_Response_Times    => 
            ((Referenced_Event => rec,
              Time_Value       => 0.000)),
         Jitters                       => 
            ((Referenced_Event => rec,
              Time_Value       => 0.015000)))));

Processing_Resource (
   Name     => cpu1,
   Results  => 
       ((Type   => Utilization,
         Total  => 12.15%)));

